vnoded[1]: 22:22:55.050939 tlv_cmdreq_cmdid[vnode_cmd.c:42]: VNODE_TLV_CMDID: 0
vnoded[1]: 22:22:55.051102 tlv_cmdreq_cmdarg[vnode_cmd.c:71]: VNODE_TLV_CMDARG: 'ip'
vnoded[1]: 22:22:55.051124 tlv_cmdreq_cmdarg[vnode_cmd.c:71]: VNODE_TLV_CMDARG: 'link'
vnoded[1]: 22:22:55.051137 tlv_cmdreq_cmdarg[vnode_cmd.c:71]: VNODE_TLV_CMDARG: 'set'
vnoded[1]: 22:22:55.051149 tlv_cmdreq_cmdarg[vnode_cmd.c:71]: VNODE_TLV_CMDARG: 'lo'
vnoded[1]: 22:22:55.051160 tlv_cmdreq_cmdarg[vnode_cmd.c:71]: VNODE_TLV_CMDARG: 'up'
vnoded[1]: 22:22:55.051172 forkexec[vnode_cmd.c:358]: spawning 'ip'
vnoded[1]: 22:22:55.051384 vnode_process_cmdreq[vnode_cmd.c:459]: cmd: 'ip'; pid: 2; cmdid: 0; infd: 7; outfd: 8; errfd: 9
vnoded[1]: 22:22:55.054681 vnode_child_cb[vnode_server.c:149]: cmd completed normally: pid: 2; cmdid: 0; status 0
vnoded[1]: 22:22:55.054848 client_ioerror[vnode_server.c:43]: i/o error for client fd 6; deleting client
vnoded[1]: 22:22:55.065534 tlv_cmdreq_cmdid[vnode_cmd.c:42]: VNODE_TLV_CMDID: 0
vnoded[1]: 22:22:55.065591 tlv_cmdreq_cmdarg[vnode_cmd.c:71]: VNODE_TLV_CMDARG: 'hostname'
vnoded[1]: 22:22:55.065606 tlv_cmdreq_cmdarg[vnode_cmd.c:71]: VNODE_TLV_CMDARG: 'n10'
vnoded[1]: 22:22:55.065618 forkexec[vnode_cmd.c:358]: spawning 'hostname'
vnoded[1]: 22:22:55.065835 vnode_process_cmdreq[vnode_cmd.c:459]: cmd: 'hostname'; pid: 3; cmdid: 0; infd: 7; outfd: 8; errfd: 9
vnoded[1]: 22:22:55.067753 vnode_child_cb[vnode_server.c:149]: cmd completed normally: pid: 3; cmdid: 0; status 0
vnoded[1]: 22:22:55.067964 client_ioerror[vnode_server.c:43]: i/o error for client fd 6; deleting client
vnoded[1]: 22:22:55.088124 tlv_cmdreq_cmdid[vnode_cmd.c:42]: VNODE_TLV_CMDID: 0
vnoded[1]: 22:22:55.088181 tlv_cmdreq_cmdarg[vnode_cmd.c:71]: VNODE_TLV_CMDARG: 'mkdir'
vnoded[1]: 22:22:55.088196 tlv_cmdreq_cmdarg[vnode_cmd.c:71]: VNODE_TLV_CMDARG: '-p'
vnoded[1]: 22:22:55.088209 tlv_cmdreq_cmdarg[vnode_cmd.c:71]: VNODE_TLV_CMDARG: '/var/run'
vnoded[1]: 22:22:55.088221 forkexec[vnode_cmd.c:358]: spawning 'mkdir'
vnoded[1]: 22:22:55.088443 vnode_process_cmdreq[vnode_cmd.c:459]: cmd: 'mkdir'; pid: 4; cmdid: 0; infd: 7; outfd: 8; errfd: 9
vnoded[1]: 22:22:55.091169 vnode_child_cb[vnode_server.c:149]: cmd completed normally: pid: 4; cmdid: 0; status 0
vnoded[1]: 22:22:55.091380 client_ioerror[vnode_server.c:43]: i/o error for client fd 6; deleting client
vnoded[1]: 22:22:55.101468 tlv_cmdreq_cmdid[vnode_cmd.c:42]: VNODE_TLV_CMDID: 0
vnoded[1]: 22:22:55.101525 tlv_cmdreq_cmdarg[vnode_cmd.c:71]: VNODE_TLV_CMDARG: 'mount'
vnoded[1]: 22:22:55.101539 tlv_cmdreq_cmdarg[vnode_cmd.c:71]: VNODE_TLV_CMDARG: '-n'
vnoded[1]: 22:22:55.101552 tlv_cmdreq_cmdarg[vnode_cmd.c:71]: VNODE_TLV_CMDARG: '--bind'
vnoded[1]: 22:22:55.101564 tlv_cmdreq_cmdarg[vnode_cmd.c:71]: VNODE_TLV_CMDARG: '/tmp/pycore.43559/n10.conf/var.run'
vnoded[1]: 22:22:55.101576 tlv_cmdreq_cmdarg[vnode_cmd.c:71]: VNODE_TLV_CMDARG: '/var/run'
vnoded[1]: 22:22:55.101588 forkexec[vnode_cmd.c:358]: spawning 'mount'
vnoded[1]: 22:22:55.101800 vnode_process_cmdreq[vnode_cmd.c:459]: cmd: 'mount'; pid: 5; cmdid: 0; infd: 7; outfd: 8; errfd: 9
vnoded[1]: 22:22:55.105267 vnode_child_cb[vnode_server.c:149]: cmd completed normally: pid: 5; cmdid: 0; status 0
vnoded[1]: 22:22:55.105480 client_ioerror[vnode_server.c:43]: i/o error for client fd 6; deleting client
vnoded[1]: 22:22:55.125596 tlv_cmdreq_cmdid[vnode_cmd.c:42]: VNODE_TLV_CMDID: 0
vnoded[1]: 22:22:55.125653 tlv_cmdreq_cmdarg[vnode_cmd.c:71]: VNODE_TLV_CMDARG: 'mkdir'
vnoded[1]: 22:22:55.125668 tlv_cmdreq_cmdarg[vnode_cmd.c:71]: VNODE_TLV_CMDARG: '-p'
vnoded[1]: 22:22:55.125681 tlv_cmdreq_cmdarg[vnode_cmd.c:71]: VNODE_TLV_CMDARG: '/var/log'
vnoded[1]: 22:22:55.125693 forkexec[vnode_cmd.c:358]: spawning 'mkdir'
vnoded[1]: 22:22:55.125915 vnode_process_cmdreq[vnode_cmd.c:459]: cmd: 'mkdir'; pid: 6; cmdid: 0; infd: 7; outfd: 8; errfd: 9
vnoded[1]: 22:22:55.128578 vnode_child_cb[vnode_server.c:149]: cmd completed normally: pid: 6; cmdid: 0; status 0
vnoded[1]: 22:22:55.128788 client_ioerror[vnode_server.c:43]: i/o error for client fd 6; deleting client
vnoded[1]: 22:22:55.138759 tlv_cmdreq_cmdid[vnode_cmd.c:42]: VNODE_TLV_CMDID: 0
vnoded[1]: 22:22:55.138835 tlv_cmdreq_cmdarg[vnode_cmd.c:71]: VNODE_TLV_CMDARG: 'mount'
vnoded[1]: 22:22:55.138851 tlv_cmdreq_cmdarg[vnode_cmd.c:71]: VNODE_TLV_CMDARG: '-n'
vnoded[1]: 22:22:55.138863 tlv_cmdreq_cmdarg[vnode_cmd.c:71]: VNODE_TLV_CMDARG: '--bind'
vnoded[1]: 22:22:55.138876 tlv_cmdreq_cmdarg[vnode_cmd.c:71]: VNODE_TLV_CMDARG: '/tmp/pycore.43559/n10.conf/var.log'
vnoded[1]: 22:22:55.138888 tlv_cmdreq_cmdarg[vnode_cmd.c:71]: VNODE_TLV_CMDARG: '/var/log'
vnoded[1]: 22:22:55.138900 forkexec[vnode_cmd.c:358]: spawning 'mount'
vnoded[1]: 22:22:55.139113 vnode_process_cmdreq[vnode_cmd.c:459]: cmd: 'mount'; pid: 7; cmdid: 0; infd: 7; outfd: 8; errfd: 9
vnoded[1]: 22:22:55.142493 vnode_child_cb[vnode_server.c:149]: cmd completed normally: pid: 7; cmdid: 0; status 0
vnoded[1]: 22:22:55.142656 client_ioerror[vnode_server.c:43]: i/o error for client fd 6; deleting client
vnoded[1]: 22:22:58.032172 tlv_cmdreq_cmdid[vnode_cmd.c:42]: VNODE_TLV_CMDID: 0
vnoded[1]: 22:22:58.032253 tlv_cmdreq_cmdarg[vnode_cmd.c:71]: VNODE_TLV_CMDARG: 'ip'
vnoded[1]: 22:22:58.032270 tlv_cmdreq_cmdarg[vnode_cmd.c:71]: VNODE_TLV_CMDARG: 'link'
vnoded[1]: 22:22:58.032283 tlv_cmdreq_cmdarg[vnode_cmd.c:71]: VNODE_TLV_CMDARG: 'set'
vnoded[1]: 22:22:58.032295 tlv_cmdreq_cmdarg[vnode_cmd.c:71]: VNODE_TLV_CMDARG: 'vetha.0.8dp'
vnoded[1]: 22:22:58.032307 tlv_cmdreq_cmdarg[vnode_cmd.c:71]: VNODE_TLV_CMDARG: 'name'
vnoded[1]: 22:22:58.032319 tlv_cmdreq_cmdarg[vnode_cmd.c:71]: VNODE_TLV_CMDARG: 'eth0'
vnoded[1]: 22:22:58.032331 forkexec[vnode_cmd.c:358]: spawning 'ip'
vnoded[1]: 22:22:58.032557 vnode_process_cmdreq[vnode_cmd.c:459]: cmd: 'ip'; pid: 8; cmdid: 0; infd: 7; outfd: 8; errfd: 9
vnoded[1]: 22:22:58.067210 vnode_child_cb[vnode_server.c:149]: cmd completed normally: pid: 8; cmdid: 0; status 0
vnoded[1]: 22:22:58.067439 client_ioerror[vnode_server.c:43]: i/o error for client fd 6; deleting client
vnoded[1]: 22:22:58.077937 tlv_cmdreq_cmdid[vnode_cmd.c:42]: VNODE_TLV_CMDID: 0
vnoded[1]: 22:22:58.077995 tlv_cmdreq_cmdarg[vnode_cmd.c:71]: VNODE_TLV_CMDARG: 'ethtool'
vnoded[1]: 22:22:58.078010 tlv_cmdreq_cmdarg[vnode_cmd.c:71]: VNODE_TLV_CMDARG: '-K'
vnoded[1]: 22:22:58.078022 tlv_cmdreq_cmdarg[vnode_cmd.c:71]: VNODE_TLV_CMDARG: 'eth0'
vnoded[1]: 22:22:58.078035 tlv_cmdreq_cmdarg[vnode_cmd.c:71]: VNODE_TLV_CMDARG: 'rx'
vnoded[1]: 22:22:58.078047 tlv_cmdreq_cmdarg[vnode_cmd.c:71]: VNODE_TLV_CMDARG: 'off'
vnoded[1]: 22:22:58.078059 tlv_cmdreq_cmdarg[vnode_cmd.c:71]: VNODE_TLV_CMDARG: 'tx'
vnoded[1]: 22:22:58.078071 tlv_cmdreq_cmdarg[vnode_cmd.c:71]: VNODE_TLV_CMDARG: 'off'
vnoded[1]: 22:22:58.078083 forkexec[vnode_cmd.c:358]: spawning 'ethtool'
vnoded[1]: 22:22:58.078295 vnode_process_cmdreq[vnode_cmd.c:459]: cmd: 'ethtool'; pid: 9; cmdid: 0; infd: 7; outfd: 8; errfd: 9
vnoded[1]: 22:22:58.080776 vnode_child_cb[vnode_server.c:149]: cmd completed normally: pid: 9; cmdid: 0; status 0
vnoded[1]: 22:22:58.080988 client_ioerror[vnode_server.c:43]: i/o error for client fd 6; deleting client
vnoded[1]: 22:22:58.091153 tlv_cmdreq_cmdid[vnode_cmd.c:42]: VNODE_TLV_CMDID: 0
vnoded[1]: 22:22:58.091211 tlv_cmdreq_cmdarg[vnode_cmd.c:71]: VNODE_TLV_CMDARG: 'cat'
vnoded[1]: 22:22:58.091226 tlv_cmdreq_cmdarg[vnode_cmd.c:71]: VNODE_TLV_CMDARG: '/sys/class/net/eth0/ifindex'
vnoded[1]: 22:22:58.091238 forkexec[vnode_cmd.c:358]: spawning 'cat'
vnoded[1]: 22:22:58.091467 vnode_process_cmdreq[vnode_cmd.c:459]: cmd: 'cat'; pid: 10; cmdid: 0; infd: 7; outfd: 8; errfd: 9
vnoded[1]: 22:22:58.093637 vnode_child_cb[vnode_server.c:149]: cmd completed normally: pid: 10; cmdid: 0; status 0
vnoded[1]: 22:22:58.093849 client_ioerror[vnode_server.c:43]: i/o error for client fd 6; deleting client
vnoded[1]: 22:22:58.104121 tlv_cmdreq_cmdid[vnode_cmd.c:42]: VNODE_TLV_CMDID: 0
vnoded[1]: 22:22:58.104178 tlv_cmdreq_cmdarg[vnode_cmd.c:71]: VNODE_TLV_CMDARG: 'cat'
vnoded[1]: 22:22:58.104193 tlv_cmdreq_cmdarg[vnode_cmd.c:71]: VNODE_TLV_CMDARG: '/sys/class/net/eth0/address'
vnoded[1]: 22:22:58.104206 forkexec[vnode_cmd.c:358]: spawning 'cat'
vnoded[1]: 22:22:58.104449 vnode_process_cmdreq[vnode_cmd.c:459]: cmd: 'cat'; pid: 11; cmdid: 0; infd: 7; outfd: 8; errfd: 9
vnoded[1]: 22:22:58.106507 vnode_child_cb[vnode_server.c:149]: cmd completed normally: pid: 11; cmdid: 0; status 0
vnoded[1]: 22:22:58.106670 client_ioerror[vnode_server.c:43]: i/o error for client fd 6; deleting client
vnoded[1]: 22:22:58.142354 tlv_cmdreq_cmdid[vnode_cmd.c:42]: VNODE_TLV_CMDID: 0
vnoded[1]: 22:22:58.142443 tlv_cmdreq_cmdarg[vnode_cmd.c:71]: VNODE_TLV_CMDARG: 'ip'
vnoded[1]: 22:22:58.142458 tlv_cmdreq_cmdarg[vnode_cmd.c:71]: VNODE_TLV_CMDARG: 'link'
vnoded[1]: 22:22:58.142471 tlv_cmdreq_cmdarg[vnode_cmd.c:71]: VNODE_TLV_CMDARG: 'set'
vnoded[1]: 22:22:58.142483 tlv_cmdreq_cmdarg[vnode_cmd.c:71]: VNODE_TLV_CMDARG: 'dev'
vnoded[1]: 22:22:58.142494 tlv_cmdreq_cmdarg[vnode_cmd.c:71]: VNODE_TLV_CMDARG: 'eth0'
vnoded[1]: 22:22:58.142506 tlv_cmdreq_cmdarg[vnode_cmd.c:71]: VNODE_TLV_CMDARG: 'address'
vnoded[1]: 22:22:58.142518 tlv_cmdreq_cmdarg[vnode_cmd.c:71]: VNODE_TLV_CMDARG: '00:00:00:aa:00:09'
vnoded[1]: 22:22:58.142530 forkexec[vnode_cmd.c:358]: spawning 'ip'
vnoded[1]: 22:22:58.142758 vnode_process_cmdreq[vnode_cmd.c:459]: cmd: 'ip'; pid: 12; cmdid: 0; infd: 7; outfd: 8; errfd: 9
vnoded[1]: 22:22:58.146043 vnode_child_cb[vnode_server.c:149]: cmd completed normally: pid: 12; cmdid: 0; status 0
vnoded[1]: 22:22:58.146253 client_ioerror[vnode_server.c:43]: i/o error for client fd 6; deleting client
vnoded[1]: 22:22:58.155768 tlv_cmdreq_cmdid[vnode_cmd.c:42]: VNODE_TLV_CMDID: 0
vnoded[1]: 22:22:58.155831 tlv_cmdreq_cmdarg[vnode_cmd.c:71]: VNODE_TLV_CMDARG: 'ip'
vnoded[1]: 22:22:58.155846 tlv_cmdreq_cmdarg[vnode_cmd.c:71]: VNODE_TLV_CMDARG: 'address'
vnoded[1]: 22:22:58.155858 tlv_cmdreq_cmdarg[vnode_cmd.c:71]: VNODE_TLV_CMDARG: 'change'
vnoded[1]: 22:22:58.155871 tlv_cmdreq_cmdarg[vnode_cmd.c:71]: VNODE_TLV_CMDARG: '10.0.4.2/24'
vnoded[1]: 22:22:58.155883 tlv_cmdreq_cmdarg[vnode_cmd.c:71]: VNODE_TLV_CMDARG: 'dev'
vnoded[1]: 22:22:58.155894 tlv_cmdreq_cmdarg[vnode_cmd.c:71]: VNODE_TLV_CMDARG: 'eth0'
vnoded[1]: 22:22:58.155907 forkexec[vnode_cmd.c:358]: spawning 'ip'
vnoded[1]: 22:22:58.156131 vnode_process_cmdreq[vnode_cmd.c:459]: cmd: 'ip'; pid: 13; cmdid: 0; infd: 7; outfd: 8; errfd: 9
vnoded[1]: 22:22:58.159306 vnode_child_cb[vnode_server.c:149]: cmd completed normally: pid: 13; cmdid: 0; status 0
vnoded[1]: 22:22:58.159518 client_ioerror[vnode_server.c:43]: i/o error for client fd 6; deleting client
vnoded[1]: 22:22:58.170150 tlv_cmdreq_cmdid[vnode_cmd.c:42]: VNODE_TLV_CMDID: 0
vnoded[1]: 22:22:58.170207 tlv_cmdreq_cmdarg[vnode_cmd.c:71]: VNODE_TLV_CMDARG: 'ip'
vnoded[1]: 22:22:58.170222 tlv_cmdreq_cmdarg[vnode_cmd.c:71]: VNODE_TLV_CMDARG: 'address'
vnoded[1]: 22:22:58.170234 tlv_cmdreq_cmdarg[vnode_cmd.c:71]: VNODE_TLV_CMDARG: 'change'
vnoded[1]: 22:22:58.170246 tlv_cmdreq_cmdarg[vnode_cmd.c:71]: VNODE_TLV_CMDARG: '2001:4::2/64'
vnoded[1]: 22:22:58.170258 tlv_cmdreq_cmdarg[vnode_cmd.c:71]: VNODE_TLV_CMDARG: 'dev'
vnoded[1]: 22:22:58.170270 tlv_cmdreq_cmdarg[vnode_cmd.c:71]: VNODE_TLV_CMDARG: 'eth0'
vnoded[1]: 22:22:58.170282 forkexec[vnode_cmd.c:358]: spawning 'ip'
vnoded[1]: 22:22:58.170641 vnode_process_cmdreq[vnode_cmd.c:459]: cmd: 'ip'; pid: 14; cmdid: 0; infd: 7; outfd: 8; errfd: 9
vnoded[1]: 22:22:58.173535 vnode_child_cb[vnode_server.c:149]: cmd completed normally: pid: 14; cmdid: 0; status 0
vnoded[1]: 22:22:58.173729 client_ioerror[vnode_server.c:43]: i/o error for client fd 6; deleting client
vnoded[1]: 22:22:58.183740 tlv_cmdreq_cmdid[vnode_cmd.c:42]: VNODE_TLV_CMDID: 0
vnoded[1]: 22:22:58.183798 tlv_cmdreq_cmdarg[vnode_cmd.c:71]: VNODE_TLV_CMDARG: 'sysctl'
vnoded[1]: 22:22:58.183814 tlv_cmdreq_cmdarg[vnode_cmd.c:71]: VNODE_TLV_CMDARG: '-w'
vnoded[1]: 22:22:58.183826 tlv_cmdreq_cmdarg[vnode_cmd.c:71]: VNODE_TLV_CMDARG: 'net.ipv6.conf.eth0.keep_addr_on_down=1'
vnoded[1]: 22:22:58.183839 forkexec[vnode_cmd.c:358]: spawning 'sysctl'
vnoded[1]: 22:22:58.184051 vnode_process_cmdreq[vnode_cmd.c:459]: cmd: 'sysctl'; pid: 15; cmdid: 0; infd: 7; outfd: 8; errfd: 9
vnoded[1]: 22:22:58.186160 vnode_child_cb[vnode_server.c:149]: cmd completed normally: pid: 15; cmdid: 0; status 0
vnoded[1]: 22:22:58.186471 client_ioerror[vnode_server.c:43]: i/o error for client fd 6; deleting client
vnoded[1]: 22:22:58.196261 tlv_cmdreq_cmdid[vnode_cmd.c:42]: VNODE_TLV_CMDID: 0
vnoded[1]: 22:22:58.196318 tlv_cmdreq_cmdarg[vnode_cmd.c:71]: VNODE_TLV_CMDARG: 'ip'
vnoded[1]: 22:22:58.196332 tlv_cmdreq_cmdarg[vnode_cmd.c:71]: VNODE_TLV_CMDARG: 'link'
vnoded[1]: 22:22:58.196345 tlv_cmdreq_cmdarg[vnode_cmd.c:71]: VNODE_TLV_CMDARG: 'set'
vnoded[1]: 22:22:58.196357 tlv_cmdreq_cmdarg[vnode_cmd.c:71]: VNODE_TLV_CMDARG: 'eth0'
vnoded[1]: 22:22:58.196368 tlv_cmdreq_cmdarg[vnode_cmd.c:71]: VNODE_TLV_CMDARG: 'up'
vnoded[1]: 22:22:58.196381 forkexec[vnode_cmd.c:358]: spawning 'ip'
vnoded[1]: 22:22:58.196590 vnode_process_cmdreq[vnode_cmd.c:459]: cmd: 'ip'; pid: 16; cmdid: 0; infd: 7; outfd: 8; errfd: 9
vnoded[1]: 22:22:58.199860 vnode_child_cb[vnode_server.c:149]: cmd completed normally: pid: 16; cmdid: 0; status 0
vnoded[1]: 22:22:58.200092 client_ioerror[vnode_server.c:43]: i/o error for client fd 6; deleting client
vnoded[1]: 22:23:02.733080 tlv_cmdreq_cmdid[vnode_cmd.c:42]: VNODE_TLV_CMDID: 0
vnoded[1]: 22:23:02.733165 tlv_cmdreq_cmdarg[vnode_cmd.c:71]: VNODE_TLV_CMDARG: 'bash'
vnoded[1]: 22:23:02.733189 tlv_cmdreq_cmdarg[vnode_cmd.c:71]: VNODE_TLV_CMDARG: 'ipforward.sh'
vnoded[1]: 22:23:02.733209 forkexec[vnode_cmd.c:358]: spawning 'bash'
vnoded[1]: 22:23:02.733496 vnode_process_cmdreq[vnode_cmd.c:459]: cmd: 'bash'; pid: 17; cmdid: 0; infd: 7; outfd: 8; errfd: 9
vnoded[1]: 22:23:02.741715 tlv_cmdreq_cmdid[vnode_cmd.c:42]: VNODE_TLV_CMDID: 0
vnoded[1]: 22:23:02.741775 tlv_cmdreq_cmdarg[vnode_cmd.c:71]: VNODE_TLV_CMDARG: 'mkdir'
vnoded[1]: 22:23:02.741790 tlv_cmdreq_cmdarg[vnode_cmd.c:71]: VNODE_TLV_CMDARG: '-p'
vnoded[1]: 22:23:02.741802 tlv_cmdreq_cmdarg[vnode_cmd.c:71]: VNODE_TLV_CMDARG: '/usr/local/etc/quagga'
vnoded[1]: 22:23:02.741816 forkexec[vnode_cmd.c:358]: spawning 'mkdir'
vnoded[1]: 22:23:02.742038 vnode_process_cmdreq[vnode_cmd.c:459]: cmd: 'mkdir'; pid: 22; cmdid: 0; infd: 8; outfd: 9; errfd: 10
vnoded[1]: 22:23:02.744922 vnode_child_cb[vnode_server.c:149]: cmd completed normally: pid: 22; cmdid: 0; status 0
vnoded[1]: 22:23:02.745144 client_ioerror[vnode_server.c:43]: i/o error for client fd 7; deleting client
vnoded[1]: 22:23:02.758959 vnode_child_cb[vnode_server.c:149]: cmd completed normally: pid: 17; cmdid: 0; status 0
vnoded[1]: 22:23:02.759191 client_ioerror[vnode_server.c:43]: i/o error for client fd 6; deleting client
vnoded[1]: 22:23:02.813634 tlv_cmdreq_cmdid[vnode_cmd.c:42]: VNODE_TLV_CMDID: 0
vnoded[1]: 22:23:02.813695 tlv_cmdreq_cmdarg[vnode_cmd.c:71]: VNODE_TLV_CMDARG: 'mount'
vnoded[1]: 22:23:02.813710 tlv_cmdreq_cmdarg[vnode_cmd.c:71]: VNODE_TLV_CMDARG: '-n'
vnoded[1]: 22:23:02.813723 tlv_cmdreq_cmdarg[vnode_cmd.c:71]: VNODE_TLV_CMDARG: '--bind'
vnoded[1]: 22:23:02.813735 tlv_cmdreq_cmdarg[vnode_cmd.c:71]: VNODE_TLV_CMDARG: '/tmp/pycore.43559/n10.conf/usr.local.etc.quagga'
vnoded[1]: 22:23:02.813747 tlv_cmdreq_cmdarg[vnode_cmd.c:71]: VNODE_TLV_CMDARG: '/usr/local/etc/quagga'
vnoded[1]: 22:23:02.813760 forkexec[vnode_cmd.c:358]: spawning 'mount'
vnoded[1]: 22:23:02.814002 vnode_process_cmdreq[vnode_cmd.c:459]: cmd: 'mount'; pid: 30; cmdid: 0; infd: 7; outfd: 8; errfd: 9
vnoded[1]: 22:23:02.817495 vnode_child_cb[vnode_server.c:149]: cmd completed normally: pid: 30; cmdid: 0; status 0
vnoded[1]: 22:23:02.817703 client_ioerror[vnode_server.c:43]: i/o error for client fd 6; deleting client
vnoded[1]: 22:23:02.950386 tlv_cmdreq_cmdid[vnode_cmd.c:42]: VNODE_TLV_CMDID: 0
vnoded[1]: 22:23:02.950450 tlv_cmdreq_cmdarg[vnode_cmd.c:71]: VNODE_TLV_CMDARG: 'mkdir'
vnoded[1]: 22:23:02.950465 tlv_cmdreq_cmdarg[vnode_cmd.c:71]: VNODE_TLV_CMDARG: '-p'
vnoded[1]: 22:23:02.950478 tlv_cmdreq_cmdarg[vnode_cmd.c:71]: VNODE_TLV_CMDARG: '/var/run/quagga'
vnoded[1]: 22:23:02.950490 forkexec[vnode_cmd.c:358]: spawning 'mkdir'
vnoded[1]: 22:23:02.950733 vnode_process_cmdreq[vnode_cmd.c:459]: cmd: 'mkdir'; pid: 31; cmdid: 0; infd: 7; outfd: 8; errfd: 9
vnoded[1]: 22:23:02.953473 vnode_child_cb[vnode_server.c:149]: cmd completed normally: pid: 31; cmdid: 0; status 0
vnoded[1]: 22:23:02.953681 client_ioerror[vnode_server.c:43]: i/o error for client fd 6; deleting client
vnoded[1]: 22:23:03.008657 tlv_cmdreq_cmdid[vnode_cmd.c:42]: VNODE_TLV_CMDID: 0
vnoded[1]: 22:23:03.008719 tlv_cmdreq_cmdarg[vnode_cmd.c:71]: VNODE_TLV_CMDARG: 'mount'
vnoded[1]: 22:23:03.008734 tlv_cmdreq_cmdarg[vnode_cmd.c:71]: VNODE_TLV_CMDARG: '-n'
vnoded[1]: 22:23:03.008747 tlv_cmdreq_cmdarg[vnode_cmd.c:71]: VNODE_TLV_CMDARG: '--bind'
vnoded[1]: 22:23:03.008759 tlv_cmdreq_cmdarg[vnode_cmd.c:71]: VNODE_TLV_CMDARG: '/tmp/pycore.43559/n10.conf/var.run.quagga'
vnoded[1]: 22:23:03.008771 tlv_cmdreq_cmdarg[vnode_cmd.c:71]: VNODE_TLV_CMDARG: '/var/run/quagga'
vnoded[1]: 22:23:03.008783 forkexec[vnode_cmd.c:358]: spawning 'mount'
vnoded[1]: 22:23:03.009022 vnode_process_cmdreq[vnode_cmd.c:459]: cmd: 'mount'; pid: 32; cmdid: 0; infd: 7; outfd: 8; errfd: 9
vnoded[1]: 22:23:03.012465 vnode_child_cb[vnode_server.c:149]: cmd completed normally: pid: 32; cmdid: 0; status 0
vnoded[1]: 22:23:03.012678 client_ioerror[vnode_server.c:43]: i/o error for client fd 6; deleting client
vnoded[1]: 22:23:03.125617 tlv_cmdreq_cmdid[vnode_cmd.c:42]: VNODE_TLV_CMDID: 0
vnoded[1]: 22:23:03.125681 tlv_cmdreq_cmdarg[vnode_cmd.c:71]: VNODE_TLV_CMDARG: 'bash'
vnoded[1]: 22:23:03.125696 tlv_cmdreq_cmdarg[vnode_cmd.c:71]: VNODE_TLV_CMDARG: 'quaggaboot.sh'
vnoded[1]: 22:23:03.125708 tlv_cmdreq_cmdarg[vnode_cmd.c:71]: VNODE_TLV_CMDARG: 'zebra'
vnoded[1]: 22:23:03.125721 forkexec[vnode_cmd.c:358]: spawning 'bash'
vnoded[1]: 22:23:03.125964 vnode_process_cmdreq[vnode_cmd.c:459]: cmd: 'bash'; pid: 33; cmdid: 0; infd: 7; outfd: 8; errfd: 9
vnoded[1]: 22:23:03.201156 vnode_child_cb[vnode_server.c:149]: cmd completed normally: pid: 33; cmdid: 0; status 0
vnoded[1]: 22:23:03.201276 client_ioerror[vnode_server.c:43]: i/o error for client fd 6; deleting client
vnoded[1]: 22:23:03.204418 tlv_cmdreq_cmdid[vnode_cmd.c:42]: VNODE_TLV_CMDID: 0
vnoded[1]: 22:23:03.204456 tlv_cmdreq_cmdarg[vnode_cmd.c:71]: VNODE_TLV_CMDARG: 'pidof'
vnoded[1]: 22:23:03.204469 tlv_cmdreq_cmdarg[vnode_cmd.c:71]: VNODE_TLV_CMDARG: 'zebra'
vnoded[1]: 22:23:03.204481 forkexec[vnode_cmd.c:358]: spawning 'pidof'
vnoded[1]: 22:23:03.204680 vnode_process_cmdreq[vnode_cmd.c:459]: cmd: 'pidof'; pid: 51; cmdid: 0; infd: 7; outfd: 8; errfd: 9
vnoded[1]: 22:23:03.205935 vnode_child_cb[vnode_server.c:149]: cmd completed normally: pid: 51; cmdid: 0; status 0
vnoded[1]: 22:23:03.206067 client_ioerror[vnode_server.c:43]: i/o error for client fd 6; deleting client
vnoded[1]: 22:23:03.281483 tlv_cmdreq_cmdid[vnode_cmd.c:42]: VNODE_TLV_CMDID: 0
vnoded[1]: 22:23:03.281545 tlv_cmdreq_cmdarg[vnode_cmd.c:71]: VNODE_TLV_CMDARG: 'pidof'
vnoded[1]: 22:23:03.281560 tlv_cmdreq_cmdarg[vnode_cmd.c:71]: VNODE_TLV_CMDARG: 'bgpd'
vnoded[1]: 22:23:03.281573 forkexec[vnode_cmd.c:358]: spawning 'pidof'
vnoded[1]: 22:23:03.281782 vnode_process_cmdreq[vnode_cmd.c:459]: cmd: 'pidof'; pid: 52; cmdid: 0; infd: 7; outfd: 8; errfd: 9
vnoded[1]: 22:23:03.284145 vnode_child_cb[vnode_server.c:149]: cmd completed normally: pid: 52; cmdid: 0; status 0
vnoded[1]: 22:23:03.284354 client_ioerror[vnode_server.c:43]: i/o error for client fd 6; deleting client
vnoded[1]: 22:23:09.261337 tlv_cmdreq_cmdid[vnode_cmd.c:42]: VNODE_TLV_CMDID: 0
vnoded[1]: 22:23:09.261411 tlv_cmdreq_cmdarg[vnode_cmd.c:71]: VNODE_TLV_CMDARG: '/bin/bash'
vnoded[1]: 22:23:09.261428 forkexec[vnode_cmd.c:358]: spawning '/bin/bash'
vnoded[1]: 22:23:09.261638 vnode_process_cmdreq[vnode_cmd.c:459]: cmd: '/bin/bash'; pid: 53; cmdid: 0; infd: 7; outfd: 8; errfd: 9
vnoded[1]: 22:24:08.172521 vnode_child_cb[vnode_server.c:161]: pid 39 not found in client command list: completed normally with status 0
vnoded[1]: 22:24:14.856989 vnode_child_cb[vnode_server.c:161]: pid 47 not found in client command list: completed normally with status 0
vnoded[1]: 22:24:45.417288 tlv_cmdsignal_cmdid[vnode_cmd.c:293]: VNODE_TLV_CMDID: 0
vnoded[1]: 22:24:45.417388 tlv_cmdsignal_signum[vnode_cmd.c:308]: VNODE_TLV_SIGNUM: 1
vnoded[1]: 22:24:45.417427 vnode_recv_cmdsignal[vnode_cmd.c:338]: sending pid 53 signal 1
vnoded[1]: 22:24:45.418176 tlv_cmdsignal_cmdid[vnode_cmd.c:293]: VNODE_TLV_CMDID: 0
vnoded[1]: 22:24:45.418232 tlv_cmdsignal_signum[vnode_cmd.c:308]: VNODE_TLV_SIGNUM: 18
vnoded[1]: 22:24:45.418249 vnode_recv_cmdsignal[vnode_cmd.c:338]: sending pid 53 signal 18
vnoded[1]: 22:24:45.418279 tlv_cmdsignal_cmdid[vnode_cmd.c:293]: VNODE_TLV_CMDID: 0
vnoded[1]: 22:24:45.418294 tlv_cmdsignal_signum[vnode_cmd.c:308]: VNODE_TLV_SIGNUM: 1
vnoded[1]: 22:24:45.418307 vnode_recv_cmdsignal[vnode_cmd.c:338]: sending pid 53 signal 1
vnoded[1]: 22:24:45.419431 vnode_child_cb[vnode_server.c:149]: cmd completed due to signal: pid: 53; cmdid: 0; status 1
vnoded[1]: 22:24:45.419677 client_ioerror[vnode_server.c:43]: i/o error for client fd 6; deleting client
vnoded[1]: 22:38:55.017787 tlv_cmdreq_cmdid[vnode_cmd.c:42]: VNODE_TLV_CMDID: 0
vnoded[1]: 22:38:55.017861 tlv_cmdreq_cmdarg[vnode_cmd.c:71]: VNODE_TLV_CMDARG: '/bin/bash'
vnoded[1]: 22:38:55.017879 forkexec[vnode_cmd.c:358]: spawning '/bin/bash'
vnoded[1]: 22:38:55.018087 vnode_process_cmdreq[vnode_cmd.c:459]: cmd: '/bin/bash'; pid: 95; cmdid: 0; infd: 7; outfd: 8; errfd: 9
vnoded[1]: 22:39:05.512607 tlv_cmdsignal_cmdid[vnode_cmd.c:293]: VNODE_TLV_CMDID: 0
vnoded[1]: 22:39:05.512699 tlv_cmdsignal_signum[vnode_cmd.c:308]: VNODE_TLV_SIGNUM: 1
vnoded[1]: 22:39:05.512717 vnode_recv_cmdsignal[vnode_cmd.c:338]: sending pid 95 signal 1
vnoded[1]: 22:39:05.512918 tlv_cmdsignal_cmdid[vnode_cmd.c:293]: VNODE_TLV_CMDID: 0
vnoded[1]: 22:39:05.512940 tlv_cmdsignal_signum[vnode_cmd.c:308]: VNODE_TLV_SIGNUM: 18
vnoded[1]: 22:39:05.512953 vnode_recv_cmdsignal[vnode_cmd.c:338]: sending pid 95 signal 18
vnoded[1]: 22:39:05.512974 tlv_cmdsignal_cmdid[vnode_cmd.c:293]: VNODE_TLV_CMDID: 0
vnoded[1]: 22:39:05.512987 tlv_cmdsignal_signum[vnode_cmd.c:308]: VNODE_TLV_SIGNUM: 1
vnoded[1]: 22:39:05.513000 vnode_recv_cmdsignal[vnode_cmd.c:338]: sending pid 95 signal 1
vnoded[1]: 22:39:05.514420 vnode_child_cb[vnode_server.c:149]: cmd completed due to signal: pid: 95; cmdid: 0; status 1
vnoded[1]: 22:39:05.517580 vnode_child_cb[vnode_server.c:161]: pid 103 not found in client command list: completed due to signal with status 1
vnoded[1]: 22:39:05.517655 client_ioerror[vnode_server.c:43]: i/o error for client fd 6; deleting client
vnoded[1]: 22:40:07.064793 tlv_cmdreq_cmdid[vnode_cmd.c:42]: VNODE_TLV_CMDID: 0
vnoded[1]: 22:40:07.064870 tlv_cmdreq_cmdarg[vnode_cmd.c:71]: VNODE_TLV_CMDARG: '/bin/bash'
vnoded[1]: 22:40:07.064887 forkexec[vnode_cmd.c:358]: spawning '/bin/bash'
vnoded[1]: 22:40:07.065098 vnode_process_cmdreq[vnode_cmd.c:459]: cmd: '/bin/bash'; pid: 104; cmdid: 0; infd: 7; outfd: 8; errfd: 9
vnoded[1]: 22:40:34.405588 tlv_cmdsignal_cmdid[vnode_cmd.c:293]: VNODE_TLV_CMDID: 0
vnoded[1]: 22:40:34.405685 tlv_cmdsignal_signum[vnode_cmd.c:308]: VNODE_TLV_SIGNUM: 1
vnoded[1]: 22:40:34.405702 vnode_recv_cmdsignal[vnode_cmd.c:338]: sending pid 104 signal 1
vnoded[1]: 22:40:34.406001 tlv_cmdsignal_cmdid[vnode_cmd.c:293]: VNODE_TLV_CMDID: 0
vnoded[1]: 22:40:34.406022 tlv_cmdsignal_signum[vnode_cmd.c:308]: VNODE_TLV_SIGNUM: 18
vnoded[1]: 22:40:34.406035 vnode_recv_cmdsignal[vnode_cmd.c:338]: sending pid 104 signal 18
vnoded[1]: 22:40:34.406057 tlv_cmdsignal_cmdid[vnode_cmd.c:293]: VNODE_TLV_CMDID: 0
vnoded[1]: 22:40:34.406070 tlv_cmdsignal_signum[vnode_cmd.c:308]: VNODE_TLV_SIGNUM: 1
vnoded[1]: 22:40:34.406082 vnode_recv_cmdsignal[vnode_cmd.c:338]: sending pid 104 signal 1
vnoded[1]: 22:40:34.407314 vnode_child_cb[vnode_server.c:149]: cmd completed due to signal: pid: 104; cmdid: 0; status 1
vnoded[1]: 22:40:34.410584 vnode_child_cb[vnode_server.c:161]: pid 116 not found in client command list: completed due to signal with status 1
vnoded[1]: 22:40:34.410662 client_ioerror[vnode_server.c:43]: i/o error for client fd 6; deleting client
vnoded[1]: 22:59:53.290461 tlv_cmdreq_cmdid[vnode_cmd.c:42]: VNODE_TLV_CMDID: 0
vnoded[1]: 22:59:53.290535 tlv_cmdreq_cmdarg[vnode_cmd.c:71]: VNODE_TLV_CMDARG: '/bin/bash'
vnoded[1]: 22:59:53.290570 forkexec[vnode_cmd.c:358]: spawning '/bin/bash'
vnoded[1]: 22:59:53.290775 vnode_process_cmdreq[vnode_cmd.c:459]: cmd: '/bin/bash'; pid: 117; cmdid: 0; infd: 7; outfd: 8; errfd: 9
vnoded[1]: 23:00:04.969320 tlv_cmdsignal_cmdid[vnode_cmd.c:293]: VNODE_TLV_CMDID: 0
vnoded[1]: 23:00:04.969415 tlv_cmdsignal_signum[vnode_cmd.c:308]: VNODE_TLV_SIGNUM: 1
vnoded[1]: 23:00:04.969441 vnode_recv_cmdsignal[vnode_cmd.c:338]: sending pid 117 signal 1
vnoded[1]: 23:00:04.970109 tlv_cmdsignal_cmdid[vnode_cmd.c:293]: VNODE_TLV_CMDID: 0
vnoded[1]: 23:00:04.970168 tlv_cmdsignal_signum[vnode_cmd.c:308]: VNODE_TLV_SIGNUM: 18
vnoded[1]: 23:00:04.970188 vnode_recv_cmdsignal[vnode_cmd.c:338]: sending pid 117 signal 18
vnoded[1]: 23:00:04.970236 vnode_child_cb[vnode_server.c:149]: cmd completed due to signal: pid: 117; cmdid: 0; status 1
vnoded[1]: 23:00:04.970292 tlv_cmdsignal_cmdid[vnode_cmd.c:293]: VNODE_TLV_CMDID: 0
vnoded[1]: 23:00:04.970313 tlv_cmdsignal_signum[vnode_cmd.c:308]: VNODE_TLV_SIGNUM: 1
vnoded[1]: 23:00:04.970333 vnode_recv_cmdsignal[vnode_cmd.c:348]: cmdid 0 not found for client 0x55837be2e730
vnoded[1]: 23:00:04.971250 vnode_child_cb[vnode_server.c:161]: pid 124 not found in client command list: completed due to signal with status 1
vnoded[1]: 23:00:04.971370 client_ioerror[vnode_server.c:43]: i/o error for client fd 6; deleting client
vnoded[1]: 23:03:09.709036 tlv_cmdreq_cmdid[vnode_cmd.c:42]: VNODE_TLV_CMDID: 0
vnoded[1]: 23:03:09.709126 tlv_cmdreq_cmdarg[vnode_cmd.c:71]: VNODE_TLV_CMDARG: '/bin/bash'
vnoded[1]: 23:03:09.709153 forkexec[vnode_cmd.c:358]: spawning '/bin/bash'
vnoded[1]: 23:03:09.709432 vnode_process_cmdreq[vnode_cmd.c:459]: cmd: '/bin/bash'; pid: 129; cmdid: 0; infd: 7; outfd: 8; errfd: 9
vnoded[1]: 23:03:28.606336 tlv_cmdsignal_cmdid[vnode_cmd.c:293]: VNODE_TLV_CMDID: 0
vnoded[1]: 23:03:28.606480 tlv_cmdsignal_signum[vnode_cmd.c:308]: VNODE_TLV_SIGNUM: 1
vnoded[1]: 23:03:28.606500 vnode_recv_cmdsignal[vnode_cmd.c:338]: sending pid 129 signal 1
vnoded[1]: 23:03:28.606920 tlv_cmdsignal_cmdid[vnode_cmd.c:293]: VNODE_TLV_CMDID: 0
vnoded[1]: 23:03:28.606943 tlv_cmdsignal_signum[vnode_cmd.c:308]: VNODE_TLV_SIGNUM: 18
vnoded[1]: 23:03:28.606956 vnode_recv_cmdsignal[vnode_cmd.c:338]: sending pid 129 signal 18
vnoded[1]: 23:03:28.606978 tlv_cmdsignal_cmdid[vnode_cmd.c:293]: VNODE_TLV_CMDID: 0
vnoded[1]: 23:03:28.606991 tlv_cmdsignal_signum[vnode_cmd.c:308]: VNODE_TLV_SIGNUM: 1
vnoded[1]: 23:03:28.607004 vnode_recv_cmdsignal[vnode_cmd.c:338]: sending pid 129 signal 1
vnoded[1]: 23:03:28.607287 vnode_child_cb[vnode_server.c:149]: cmd completed due to signal: pid: 129; cmdid: 0; status 1
vnoded[1]: 23:03:28.608394 vnode_child_cb[vnode_server.c:161]: pid 136 not found in client command list: completed due to signal with status 1
vnoded[1]: 23:03:28.608470 client_ioerror[vnode_server.c:43]: i/o error for client fd 6; deleting client
vnoded[1]: 23:06:27.440816 tlv_cmdreq_cmdid[vnode_cmd.c:42]: VNODE_TLV_CMDID: 0
vnoded[1]: 23:06:27.440888 tlv_cmdreq_cmdarg[vnode_cmd.c:71]: VNODE_TLV_CMDARG: '/bin/bash'
vnoded[1]: 23:06:27.440905 forkexec[vnode_cmd.c:358]: spawning '/bin/bash'
vnoded[1]: 23:06:27.441108 vnode_process_cmdreq[vnode_cmd.c:459]: cmd: '/bin/bash'; pid: 141; cmdid: 0; infd: 7; outfd: 8; errfd: 9
vnoded[1]: 23:07:35.582868 tlv_cmdsignal_cmdid[vnode_cmd.c:293]: VNODE_TLV_CMDID: 0
vnoded[1]: 23:07:35.582963 tlv_cmdsignal_signum[vnode_cmd.c:308]: VNODE_TLV_SIGNUM: 1
vnoded[1]: 23:07:35.582982 vnode_recv_cmdsignal[vnode_cmd.c:338]: sending pid 141 signal 1
vnoded[1]: 23:07:35.583377 tlv_cmdsignal_cmdid[vnode_cmd.c:293]: VNODE_TLV_CMDID: 0
vnoded[1]: 23:07:35.583399 tlv_cmdsignal_signum[vnode_cmd.c:308]: VNODE_TLV_SIGNUM: 18
vnoded[1]: 23:07:35.583412 vnode_recv_cmdsignal[vnode_cmd.c:338]: sending pid 141 signal 18
vnoded[1]: 23:07:35.583433 tlv_cmdsignal_cmdid[vnode_cmd.c:293]: VNODE_TLV_CMDID: 0
vnoded[1]: 23:07:35.583446 tlv_cmdsignal_signum[vnode_cmd.c:308]: VNODE_TLV_SIGNUM: 1
vnoded[1]: 23:07:35.583458 vnode_recv_cmdsignal[vnode_cmd.c:338]: sending pid 141 signal 1
vnoded[1]: 23:07:35.583798 vnode_child_cb[vnode_server.c:149]: cmd completed due to signal: pid: 141; cmdid: 0; status 1
vnoded[1]: 23:07:35.584980 client_ioerror[vnode_server.c:43]: i/o error for client fd 6; deleting client
vnoded[1]: 23:07:35.585109 vnode_child_cb[vnode_server.c:161]: pid 148 not found in client command list: completed due to signal with status 1
vnoded[1]: 00:37:39.587625 tlv_cmdreq_cmdid[vnode_cmd.c:42]: VNODE_TLV_CMDID: 0
vnoded[1]: 00:37:39.587702 tlv_cmdreq_cmdarg[vnode_cmd.c:71]: VNODE_TLV_CMDARG: '/bin/bash'
vnoded[1]: 00:37:39.587719 forkexec[vnode_cmd.c:358]: spawning '/bin/bash'
vnoded[1]: 00:37:39.587937 vnode_process_cmdreq[vnode_cmd.c:459]: cmd: '/bin/bash'; pid: 153; cmdid: 0; infd: 7; outfd: 8; errfd: 9
vnoded[1]: 00:37:53.515187 tlv_cmdsignal_cmdid[vnode_cmd.c:293]: VNODE_TLV_CMDID: 0
vnoded[1]: 00:37:53.515276 tlv_cmdsignal_signum[vnode_cmd.c:308]: VNODE_TLV_SIGNUM: 1
vnoded[1]: 00:37:53.515295 vnode_recv_cmdsignal[vnode_cmd.c:338]: sending pid 153 signal 1
vnoded[1]: 00:37:53.515505 tlv_cmdsignal_cmdid[vnode_cmd.c:293]: VNODE_TLV_CMDID: 0
vnoded[1]: 00:37:53.515526 tlv_cmdsignal_signum[vnode_cmd.c:308]: VNODE_TLV_SIGNUM: 18
vnoded[1]: 00:37:53.515539 vnode_recv_cmdsignal[vnode_cmd.c:338]: sending pid 153 signal 18
vnoded[1]: 00:37:53.515561 tlv_cmdsignal_cmdid[vnode_cmd.c:293]: VNODE_TLV_CMDID: 0
vnoded[1]: 00:37:53.515574 tlv_cmdsignal_signum[vnode_cmd.c:308]: VNODE_TLV_SIGNUM: 1
vnoded[1]: 00:37:53.515587 vnode_recv_cmdsignal[vnode_cmd.c:338]: sending pid 153 signal 1
vnoded[1]: 00:37:53.516947 vnode_child_cb[vnode_server.c:149]: cmd completed due to signal: pid: 153; cmdid: 0; status 1
vnoded[1]: 00:37:53.518506 vnode_child_cb[vnode_server.c:161]: pid 161 not found in client command list: completed due to signal with status 1
vnoded[1]: 00:37:53.518586 client_ioerror[vnode_server.c:43]: i/o error for client fd 6; deleting client
vnoded[1]: 00:38:20.843042 tlv_cmdreq_cmdid[vnode_cmd.c:42]: VNODE_TLV_CMDID: 0
vnoded[1]: 00:38:20.843124 tlv_cmdreq_cmdarg[vnode_cmd.c:71]: VNODE_TLV_CMDARG: '/bin/bash'
vnoded[1]: 00:38:20.843140 forkexec[vnode_cmd.c:358]: spawning '/bin/bash'
vnoded[1]: 00:38:20.843366 vnode_process_cmdreq[vnode_cmd.c:459]: cmd: '/bin/bash'; pid: 166; cmdid: 0; infd: 7; outfd: 8; errfd: 9
vnoded[1]: 00:38:31.973532 tlv_cmdsignal_cmdid[vnode_cmd.c:293]: VNODE_TLV_CMDID: 0
vnoded[1]: 00:38:31.973625 tlv_cmdsignal_signum[vnode_cmd.c:308]: VNODE_TLV_SIGNUM: 1
vnoded[1]: 00:38:31.973643 vnode_recv_cmdsignal[vnode_cmd.c:338]: sending pid 166 signal 1
vnoded[1]: 00:38:31.974470 tlv_cmdsignal_cmdid[vnode_cmd.c:293]: VNODE_TLV_CMDID: 0
vnoded[1]: 00:38:31.974503 tlv_cmdsignal_signum[vnode_cmd.c:308]: VNODE_TLV_SIGNUM: 18
vnoded[1]: 00:38:31.974517 vnode_recv_cmdsignal[vnode_cmd.c:338]: sending pid 166 signal 18
vnoded[1]: 00:38:31.974542 tlv_cmdsignal_cmdid[vnode_cmd.c:293]: VNODE_TLV_CMDID: 0
vnoded[1]: 00:38:31.974555 tlv_cmdsignal_signum[vnode_cmd.c:308]: VNODE_TLV_SIGNUM: 1
vnoded[1]: 00:38:31.974568 vnode_recv_cmdsignal[vnode_cmd.c:338]: sending pid 166 signal 1
vnoded[1]: 00:38:31.975287 vnode_child_cb[vnode_server.c:149]: cmd completed due to signal: pid: 166; cmdid: 0; status 1
vnoded[1]: 00:38:31.976360 vnode_child_cb[vnode_server.c:161]: pid 174 not found in client command list: completed due to signal with status 1
vnoded[1]: 00:38:31.976433 client_ioerror[vnode_server.c:43]: i/o error for client fd 6; deleting client
vnoded[1]: 00:38:33.759858 tlv_cmdreq_cmdid[vnode_cmd.c:42]: VNODE_TLV_CMDID: 0
vnoded[1]: 00:38:33.759931 tlv_cmdreq_cmdarg[vnode_cmd.c:71]: VNODE_TLV_CMDARG: '/bin/bash'
vnoded[1]: 00:38:33.759948 forkexec[vnode_cmd.c:358]: spawning '/bin/bash'
vnoded[1]: 00:38:33.760172 vnode_process_cmdreq[vnode_cmd.c:459]: cmd: '/bin/bash'; pid: 179; cmdid: 0; infd: 7; outfd: 8; errfd: 9
vnoded[1]: 00:39:32.587490 vnode_child_cb[vnode_server.c:161]: pid 71 not found in client command list: completed normally with status 0
vnoded[1]: 00:39:37.944037 vnode_child_cb[vnode_server.c:161]: pid 79 not found in client command list: completed normally with status 0
vnoded[1]: 00:40:09.581999 tlv_cmdsignal_cmdid[vnode_cmd.c:293]: VNODE_TLV_CMDID: 0
vnoded[1]: 00:40:09.582093 tlv_cmdsignal_signum[vnode_cmd.c:308]: VNODE_TLV_SIGNUM: 1
vnoded[1]: 00:40:09.582111 vnode_recv_cmdsignal[vnode_cmd.c:338]: sending pid 179 signal 1
vnoded[1]: 00:40:09.582481 tlv_cmdsignal_cmdid[vnode_cmd.c:293]: VNODE_TLV_CMDID: 0
vnoded[1]: 00:40:09.582508 tlv_cmdsignal_signum[vnode_cmd.c:308]: VNODE_TLV_SIGNUM: 18
vnoded[1]: 00:40:09.582521 vnode_recv_cmdsignal[vnode_cmd.c:338]: sending pid 179 signal 18
vnoded[1]: 00:40:09.582544 tlv_cmdsignal_cmdid[vnode_cmd.c:293]: VNODE_TLV_CMDID: 0
vnoded[1]: 00:40:09.582557 tlv_cmdsignal_signum[vnode_cmd.c:308]: VNODE_TLV_SIGNUM: 1
vnoded[1]: 00:40:09.582569 vnode_recv_cmdsignal[vnode_cmd.c:338]: sending pid 179 signal 1
vnoded[1]: 00:40:09.583808 vnode_child_cb[vnode_server.c:149]: cmd completed due to signal: pid: 179; cmdid: 0; status 1
vnoded[1]: 00:40:09.584818 vnode_child_cb[vnode_server.c:161]: pid 228 not found in client command list: completed due to signal with status 1
vnoded[1]: 00:40:09.584865 client_ioerror[vnode_server.c:43]: i/o error for client fd 6; deleting client
vnoded[1]: 00:40:26.062806 tlv_cmdreq_cmdid[vnode_cmd.c:42]: VNODE_TLV_CMDID: 0
vnoded[1]: 00:40:26.062897 tlv_cmdreq_cmdarg[vnode_cmd.c:71]: VNODE_TLV_CMDARG: '/bin/bash'
vnoded[1]: 00:40:26.062924 forkexec[vnode_cmd.c:358]: spawning '/bin/bash'
vnoded[1]: 00:40:26.063156 vnode_process_cmdreq[vnode_cmd.c:459]: cmd: '/bin/bash'; pid: 233; cmdid: 0; infd: 7; outfd: 8; errfd: 9
vnoded[1]: 00:43:08.724865 tlv_cmdsignal_cmdid[vnode_cmd.c:293]: VNODE_TLV_CMDID: 0
vnoded[1]: 00:43:08.724962 tlv_cmdsignal_signum[vnode_cmd.c:308]: VNODE_TLV_SIGNUM: 1
vnoded[1]: 00:43:08.724980 vnode_recv_cmdsignal[vnode_cmd.c:338]: sending pid 233 signal 1
vnoded[1]: 00:43:08.725462 tlv_cmdsignal_cmdid[vnode_cmd.c:293]: VNODE_TLV_CMDID: 0
vnoded[1]: 00:43:08.725483 tlv_cmdsignal_signum[vnode_cmd.c:308]: VNODE_TLV_SIGNUM: 18
vnoded[1]: 00:43:08.725496 vnode_recv_cmdsignal[vnode_cmd.c:338]: sending pid 233 signal 18
vnoded[1]: 00:43:08.725518 tlv_cmdsignal_cmdid[vnode_cmd.c:293]: VNODE_TLV_CMDID: 0
vnoded[1]: 00:43:08.725532 tlv_cmdsignal_signum[vnode_cmd.c:308]: VNODE_TLV_SIGNUM: 1
vnoded[1]: 00:43:08.725544 vnode_recv_cmdsignal[vnode_cmd.c:338]: sending pid 233 signal 1
vnoded[1]: 00:43:08.726670 vnode_child_cb[vnode_server.c:149]: cmd completed due to signal: pid: 233; cmdid: 0; status 1
vnoded[1]: 00:43:08.727713 vnode_child_cb[vnode_server.c:161]: pid 254 not found in client command list: completed due to signal with status 1
vnoded[1]: 00:43:08.727790 client_ioerror[vnode_server.c:43]: i/o error for client fd 6; deleting client
