vnoded[1]: 22:22:54.795723 tlv_cmdreq_cmdid[vnode_cmd.c:42]: VNODE_TLV_CMDID: 0
vnoded[1]: 22:22:54.795900 tlv_cmdreq_cmdarg[vnode_cmd.c:71]: VNODE_TLV_CMDARG: 'ip'
vnoded[1]: 22:22:54.795920 tlv_cmdreq_cmdarg[vnode_cmd.c:71]: VNODE_TLV_CMDARG: 'link'
vnoded[1]: 22:22:54.795932 tlv_cmdreq_cmdarg[vnode_cmd.c:71]: VNODE_TLV_CMDARG: 'set'
vnoded[1]: 22:22:54.795945 tlv_cmdreq_cmdarg[vnode_cmd.c:71]: VNODE_TLV_CMDARG: 'lo'
vnoded[1]: 22:22:54.795956 tlv_cmdreq_cmdarg[vnode_cmd.c:71]: VNODE_TLV_CMDARG: 'up'
vnoded[1]: 22:22:54.795969 forkexec[vnode_cmd.c:358]: spawning 'ip'
vnoded[1]: 22:22:54.796205 vnode_process_cmdreq[vnode_cmd.c:459]: cmd: 'ip'; pid: 2; cmdid: 0; infd: 7; outfd: 8; errfd: 9
vnoded[1]: 22:22:54.799570 vnode_child_cb[vnode_server.c:149]: cmd completed normally: pid: 2; cmdid: 0; status 0
vnoded[1]: 22:22:54.799784 client_ioerror[vnode_server.c:43]: i/o error for client fd 6; deleting client
vnoded[1]: 22:22:54.809764 tlv_cmdreq_cmdid[vnode_cmd.c:42]: VNODE_TLV_CMDID: 0
vnoded[1]: 22:22:54.809821 tlv_cmdreq_cmdarg[vnode_cmd.c:71]: VNODE_TLV_CMDARG: 'hostname'
vnoded[1]: 22:22:54.809836 tlv_cmdreq_cmdarg[vnode_cmd.c:71]: VNODE_TLV_CMDARG: 'n8'
vnoded[1]: 22:22:54.809849 forkexec[vnode_cmd.c:358]: spawning 'hostname'
vnoded[1]: 22:22:54.810081 vnode_process_cmdreq[vnode_cmd.c:459]: cmd: 'hostname'; pid: 3; cmdid: 0; infd: 7; outfd: 8; errfd: 9
vnoded[1]: 22:22:54.811947 vnode_child_cb[vnode_server.c:149]: cmd completed normally: pid: 3; cmdid: 0; status 0
vnoded[1]: 22:22:54.812157 client_ioerror[vnode_server.c:43]: i/o error for client fd 6; deleting client
vnoded[1]: 22:22:54.832319 tlv_cmdreq_cmdid[vnode_cmd.c:42]: VNODE_TLV_CMDID: 0
vnoded[1]: 22:22:54.832377 tlv_cmdreq_cmdarg[vnode_cmd.c:71]: VNODE_TLV_CMDARG: 'mkdir'
vnoded[1]: 22:22:54.832393 tlv_cmdreq_cmdarg[vnode_cmd.c:71]: VNODE_TLV_CMDARG: '-p'
vnoded[1]: 22:22:54.832405 tlv_cmdreq_cmdarg[vnode_cmd.c:71]: VNODE_TLV_CMDARG: '/var/run'
vnoded[1]: 22:22:54.832418 forkexec[vnode_cmd.c:358]: spawning 'mkdir'
vnoded[1]: 22:22:54.832649 vnode_process_cmdreq[vnode_cmd.c:459]: cmd: 'mkdir'; pid: 4; cmdid: 0; infd: 7; outfd: 8; errfd: 9
vnoded[1]: 22:22:54.835300 vnode_child_cb[vnode_server.c:149]: cmd completed normally: pid: 4; cmdid: 0; status 0
vnoded[1]: 22:22:54.835513 client_ioerror[vnode_server.c:43]: i/o error for client fd 6; deleting client
vnoded[1]: 22:22:54.845666 tlv_cmdreq_cmdid[vnode_cmd.c:42]: VNODE_TLV_CMDID: 0
vnoded[1]: 22:22:54.845725 tlv_cmdreq_cmdarg[vnode_cmd.c:71]: VNODE_TLV_CMDARG: 'mount'
vnoded[1]: 22:22:54.845741 tlv_cmdreq_cmdarg[vnode_cmd.c:71]: VNODE_TLV_CMDARG: '-n'
vnoded[1]: 22:22:54.845753 tlv_cmdreq_cmdarg[vnode_cmd.c:71]: VNODE_TLV_CMDARG: '--bind'
vnoded[1]: 22:22:54.845765 tlv_cmdreq_cmdarg[vnode_cmd.c:71]: VNODE_TLV_CMDARG: '/tmp/pycore.43559/n8.conf/var.run'
vnoded[1]: 22:22:54.845777 tlv_cmdreq_cmdarg[vnode_cmd.c:71]: VNODE_TLV_CMDARG: '/var/run'
vnoded[1]: 22:22:54.845789 forkexec[vnode_cmd.c:358]: spawning 'mount'
vnoded[1]: 22:22:54.846020 vnode_process_cmdreq[vnode_cmd.c:459]: cmd: 'mount'; pid: 5; cmdid: 0; infd: 7; outfd: 8; errfd: 9
vnoded[1]: 22:22:54.849548 vnode_child_cb[vnode_server.c:149]: cmd completed normally: pid: 5; cmdid: 0; status 0
vnoded[1]: 22:22:54.849746 client_ioerror[vnode_server.c:43]: i/o error for client fd 6; deleting client
vnoded[1]: 22:22:54.869881 tlv_cmdreq_cmdid[vnode_cmd.c:42]: VNODE_TLV_CMDID: 0
vnoded[1]: 22:22:54.869940 tlv_cmdreq_cmdarg[vnode_cmd.c:71]: VNODE_TLV_CMDARG: 'mkdir'
vnoded[1]: 22:22:54.869956 tlv_cmdreq_cmdarg[vnode_cmd.c:71]: VNODE_TLV_CMDARG: '-p'
vnoded[1]: 22:22:54.869967 tlv_cmdreq_cmdarg[vnode_cmd.c:71]: VNODE_TLV_CMDARG: '/var/log'
vnoded[1]: 22:22:54.869980 forkexec[vnode_cmd.c:358]: spawning 'mkdir'
vnoded[1]: 22:22:54.870210 vnode_process_cmdreq[vnode_cmd.c:459]: cmd: 'mkdir'; pid: 6; cmdid: 0; infd: 7; outfd: 8; errfd: 9
vnoded[1]: 22:22:54.872919 vnode_child_cb[vnode_server.c:149]: cmd completed normally: pid: 6; cmdid: 0; status 0
vnoded[1]: 22:22:54.873128 client_ioerror[vnode_server.c:43]: i/o error for client fd 6; deleting client
vnoded[1]: 22:22:54.882936 tlv_cmdreq_cmdid[vnode_cmd.c:42]: VNODE_TLV_CMDID: 0
vnoded[1]: 22:22:54.883011 tlv_cmdreq_cmdarg[vnode_cmd.c:71]: VNODE_TLV_CMDARG: 'mount'
vnoded[1]: 22:22:54.883027 tlv_cmdreq_cmdarg[vnode_cmd.c:71]: VNODE_TLV_CMDARG: '-n'
vnoded[1]: 22:22:54.883039 tlv_cmdreq_cmdarg[vnode_cmd.c:71]: VNODE_TLV_CMDARG: '--bind'
vnoded[1]: 22:22:54.883052 tlv_cmdreq_cmdarg[vnode_cmd.c:71]: VNODE_TLV_CMDARG: '/tmp/pycore.43559/n8.conf/var.log'
vnoded[1]: 22:22:54.883064 tlv_cmdreq_cmdarg[vnode_cmd.c:71]: VNODE_TLV_CMDARG: '/var/log'
vnoded[1]: 22:22:54.883076 forkexec[vnode_cmd.c:358]: spawning 'mount'
vnoded[1]: 22:22:54.883287 vnode_process_cmdreq[vnode_cmd.c:459]: cmd: 'mount'; pid: 7; cmdid: 0; infd: 7; outfd: 8; errfd: 9
vnoded[1]: 22:22:54.886650 vnode_child_cb[vnode_server.c:149]: cmd completed normally: pid: 7; cmdid: 0; status 0
vnoded[1]: 22:22:54.886812 client_ioerror[vnode_server.c:43]: i/o error for client fd 6; deleting client
vnoded[1]: 22:22:56.791522 tlv_cmdreq_cmdid[vnode_cmd.c:42]: VNODE_TLV_CMDID: 0
vnoded[1]: 22:22:56.791602 tlv_cmdreq_cmdarg[vnode_cmd.c:71]: VNODE_TLV_CMDARG: 'ip'
vnoded[1]: 22:22:56.791620 tlv_cmdreq_cmdarg[vnode_cmd.c:71]: VNODE_TLV_CMDARG: 'link'
vnoded[1]: 22:22:56.791632 tlv_cmdreq_cmdarg[vnode_cmd.c:71]: VNODE_TLV_CMDARG: 'set'
vnoded[1]: 22:22:56.791644 tlv_cmdreq_cmdarg[vnode_cmd.c:71]: VNODE_TLV_CMDARG: 'veth8.0.8dp'
vnoded[1]: 22:22:56.791657 tlv_cmdreq_cmdarg[vnode_cmd.c:71]: VNODE_TLV_CMDARG: 'name'
vnoded[1]: 22:22:56.791669 tlv_cmdreq_cmdarg[vnode_cmd.c:71]: VNODE_TLV_CMDARG: 'eth0'
vnoded[1]: 22:22:56.791681 forkexec[vnode_cmd.c:358]: spawning 'ip'
vnoded[1]: 22:22:56.791940 vnode_process_cmdreq[vnode_cmd.c:459]: cmd: 'ip'; pid: 8; cmdid: 0; infd: 7; outfd: 8; errfd: 9
vnoded[1]: 22:22:56.831351 vnode_child_cb[vnode_server.c:149]: cmd completed normally: pid: 8; cmdid: 0; status 0
vnoded[1]: 22:22:56.831523 client_ioerror[vnode_server.c:43]: i/o error for client fd 6; deleting client
vnoded[1]: 22:22:56.842224 tlv_cmdreq_cmdid[vnode_cmd.c:42]: VNODE_TLV_CMDID: 0
vnoded[1]: 22:22:56.842284 tlv_cmdreq_cmdarg[vnode_cmd.c:71]: VNODE_TLV_CMDARG: 'ethtool'
vnoded[1]: 22:22:56.842299 tlv_cmdreq_cmdarg[vnode_cmd.c:71]: VNODE_TLV_CMDARG: '-K'
vnoded[1]: 22:22:56.842311 tlv_cmdreq_cmdarg[vnode_cmd.c:71]: VNODE_TLV_CMDARG: 'eth0'
vnoded[1]: 22:22:56.842323 tlv_cmdreq_cmdarg[vnode_cmd.c:71]: VNODE_TLV_CMDARG: 'rx'
vnoded[1]: 22:22:56.842335 tlv_cmdreq_cmdarg[vnode_cmd.c:71]: VNODE_TLV_CMDARG: 'off'
vnoded[1]: 22:22:56.842347 tlv_cmdreq_cmdarg[vnode_cmd.c:71]: VNODE_TLV_CMDARG: 'tx'
vnoded[1]: 22:22:56.842359 tlv_cmdreq_cmdarg[vnode_cmd.c:71]: VNODE_TLV_CMDARG: 'off'
vnoded[1]: 22:22:56.842405 forkexec[vnode_cmd.c:358]: spawning 'ethtool'
vnoded[1]: 22:22:56.842641 vnode_process_cmdreq[vnode_cmd.c:459]: cmd: 'ethtool'; pid: 9; cmdid: 0; infd: 7; outfd: 8; errfd: 9
vnoded[1]: 22:22:56.845147 vnode_child_cb[vnode_server.c:149]: cmd completed normally: pid: 9; cmdid: 0; status 0
vnoded[1]: 22:22:56.845358 client_ioerror[vnode_server.c:43]: i/o error for client fd 6; deleting client
vnoded[1]: 22:22:56.855522 tlv_cmdreq_cmdid[vnode_cmd.c:42]: VNODE_TLV_CMDID: 0
vnoded[1]: 22:22:56.855581 tlv_cmdreq_cmdarg[vnode_cmd.c:71]: VNODE_TLV_CMDARG: 'cat'
vnoded[1]: 22:22:56.855597 tlv_cmdreq_cmdarg[vnode_cmd.c:71]: VNODE_TLV_CMDARG: '/sys/class/net/eth0/ifindex'
vnoded[1]: 22:22:56.855609 forkexec[vnode_cmd.c:358]: spawning 'cat'
vnoded[1]: 22:22:56.855842 vnode_process_cmdreq[vnode_cmd.c:459]: cmd: 'cat'; pid: 10; cmdid: 0; infd: 7; outfd: 8; errfd: 9
vnoded[1]: 22:22:56.857960 vnode_child_cb[vnode_server.c:149]: cmd completed normally: pid: 10; cmdid: 0; status 0
vnoded[1]: 22:22:56.858187 client_ioerror[vnode_server.c:43]: i/o error for client fd 6; deleting client
vnoded[1]: 22:22:56.868555 tlv_cmdreq_cmdid[vnode_cmd.c:42]: VNODE_TLV_CMDID: 0
vnoded[1]: 22:22:56.868613 tlv_cmdreq_cmdarg[vnode_cmd.c:71]: VNODE_TLV_CMDARG: 'cat'
vnoded[1]: 22:22:56.868629 tlv_cmdreq_cmdarg[vnode_cmd.c:71]: VNODE_TLV_CMDARG: '/sys/class/net/eth0/address'
vnoded[1]: 22:22:56.868642 forkexec[vnode_cmd.c:358]: spawning 'cat'
vnoded[1]: 22:22:56.868885 vnode_process_cmdreq[vnode_cmd.c:459]: cmd: 'cat'; pid: 11; cmdid: 0; infd: 7; outfd: 8; errfd: 9
vnoded[1]: 22:22:56.871134 vnode_child_cb[vnode_server.c:149]: cmd completed normally: pid: 11; cmdid: 0; status 0
vnoded[1]: 22:22:56.871351 client_ioerror[vnode_server.c:43]: i/o error for client fd 6; deleting client
vnoded[1]: 22:22:56.907439 tlv_cmdreq_cmdid[vnode_cmd.c:42]: VNODE_TLV_CMDID: 0
vnoded[1]: 22:22:56.907516 tlv_cmdreq_cmdarg[vnode_cmd.c:71]: VNODE_TLV_CMDARG: 'ip'
vnoded[1]: 22:22:56.907531 tlv_cmdreq_cmdarg[vnode_cmd.c:71]: VNODE_TLV_CMDARG: 'link'
vnoded[1]: 22:22:56.907544 tlv_cmdreq_cmdarg[vnode_cmd.c:71]: VNODE_TLV_CMDARG: 'set'
vnoded[1]: 22:22:56.907556 tlv_cmdreq_cmdarg[vnode_cmd.c:71]: VNODE_TLV_CMDARG: 'dev'
vnoded[1]: 22:22:56.907569 tlv_cmdreq_cmdarg[vnode_cmd.c:71]: VNODE_TLV_CMDARG: 'eth0'
vnoded[1]: 22:22:56.907581 tlv_cmdreq_cmdarg[vnode_cmd.c:71]: VNODE_TLV_CMDARG: 'address'
vnoded[1]: 22:22:56.907593 tlv_cmdreq_cmdarg[vnode_cmd.c:71]: VNODE_TLV_CMDARG: '00:00:00:aa:00:05'
vnoded[1]: 22:22:56.907605 forkexec[vnode_cmd.c:358]: spawning 'ip'
vnoded[1]: 22:22:56.907846 vnode_process_cmdreq[vnode_cmd.c:459]: cmd: 'ip'; pid: 12; cmdid: 0; infd: 7; outfd: 8; errfd: 9
vnoded[1]: 22:22:56.911218 vnode_child_cb[vnode_server.c:149]: cmd completed normally: pid: 12; cmdid: 0; status 0
vnoded[1]: 22:22:56.911382 client_ioerror[vnode_server.c:43]: i/o error for client fd 6; deleting client
vnoded[1]: 22:22:56.921263 tlv_cmdreq_cmdid[vnode_cmd.c:42]: VNODE_TLV_CMDID: 0
vnoded[1]: 22:22:56.921324 tlv_cmdreq_cmdarg[vnode_cmd.c:71]: VNODE_TLV_CMDARG: 'ip'
vnoded[1]: 22:22:56.921339 tlv_cmdreq_cmdarg[vnode_cmd.c:71]: VNODE_TLV_CMDARG: 'address'
vnoded[1]: 22:22:56.921353 tlv_cmdreq_cmdarg[vnode_cmd.c:71]: VNODE_TLV_CMDARG: 'change'
vnoded[1]: 22:22:56.921365 tlv_cmdreq_cmdarg[vnode_cmd.c:71]: VNODE_TLV_CMDARG: '10.0.2.2/24'
vnoded[1]: 22:22:56.921377 tlv_cmdreq_cmdarg[vnode_cmd.c:71]: VNODE_TLV_CMDARG: 'dev'
vnoded[1]: 22:22:56.921389 tlv_cmdreq_cmdarg[vnode_cmd.c:71]: VNODE_TLV_CMDARG: 'eth0'
vnoded[1]: 22:22:56.921402 forkexec[vnode_cmd.c:358]: spawning 'ip'
vnoded[1]: 22:22:56.921636 vnode_process_cmdreq[vnode_cmd.c:459]: cmd: 'ip'; pid: 13; cmdid: 0; infd: 7; outfd: 8; errfd: 9
vnoded[1]: 22:22:56.924787 vnode_child_cb[vnode_server.c:149]: cmd completed normally: pid: 13; cmdid: 0; status 0
vnoded[1]: 22:22:56.924997 client_ioerror[vnode_server.c:43]: i/o error for client fd 6; deleting client
vnoded[1]: 22:22:56.935197 tlv_cmdreq_cmdid[vnode_cmd.c:42]: VNODE_TLV_CMDID: 0
vnoded[1]: 22:22:56.935255 tlv_cmdreq_cmdarg[vnode_cmd.c:71]: VNODE_TLV_CMDARG: 'ip'
vnoded[1]: 22:22:56.935271 tlv_cmdreq_cmdarg[vnode_cmd.c:71]: VNODE_TLV_CMDARG: 'address'
vnoded[1]: 22:22:56.935283 tlv_cmdreq_cmdarg[vnode_cmd.c:71]: VNODE_TLV_CMDARG: 'change'
vnoded[1]: 22:22:56.935295 tlv_cmdreq_cmdarg[vnode_cmd.c:71]: VNODE_TLV_CMDARG: '2001:2::2/64'
vnoded[1]: 22:22:56.935307 tlv_cmdreq_cmdarg[vnode_cmd.c:71]: VNODE_TLV_CMDARG: 'dev'
vnoded[1]: 22:22:56.935319 tlv_cmdreq_cmdarg[vnode_cmd.c:71]: VNODE_TLV_CMDARG: 'eth0'
vnoded[1]: 22:22:56.935331 forkexec[vnode_cmd.c:358]: spawning 'ip'
vnoded[1]: 22:22:56.935557 vnode_process_cmdreq[vnode_cmd.c:459]: cmd: 'ip'; pid: 14; cmdid: 0; infd: 7; outfd: 8; errfd: 9
vnoded[1]: 22:22:56.938613 vnode_child_cb[vnode_server.c:149]: cmd completed normally: pid: 14; cmdid: 0; status 0
vnoded[1]: 22:22:56.938773 client_ioerror[vnode_server.c:43]: i/o error for client fd 6; deleting client
vnoded[1]: 22:22:56.948948 tlv_cmdreq_cmdid[vnode_cmd.c:42]: VNODE_TLV_CMDID: 0
vnoded[1]: 22:22:56.949005 tlv_cmdreq_cmdarg[vnode_cmd.c:71]: VNODE_TLV_CMDARG: 'sysctl'
vnoded[1]: 22:22:56.949021 tlv_cmdreq_cmdarg[vnode_cmd.c:71]: VNODE_TLV_CMDARG: '-w'
vnoded[1]: 22:22:56.949034 tlv_cmdreq_cmdarg[vnode_cmd.c:71]: VNODE_TLV_CMDARG: 'net.ipv6.conf.eth0.keep_addr_on_down=1'
vnoded[1]: 22:22:56.949046 forkexec[vnode_cmd.c:358]: spawning 'sysctl'
vnoded[1]: 22:22:56.949276 vnode_process_cmdreq[vnode_cmd.c:459]: cmd: 'sysctl'; pid: 15; cmdid: 0; infd: 7; outfd: 8; errfd: 9
vnoded[1]: 22:22:56.951466 vnode_child_cb[vnode_server.c:149]: cmd completed normally: pid: 15; cmdid: 0; status 0
vnoded[1]: 22:22:56.951698 client_ioerror[vnode_server.c:43]: i/o error for client fd 6; deleting client
vnoded[1]: 22:22:56.961751 tlv_cmdreq_cmdid[vnode_cmd.c:42]: VNODE_TLV_CMDID: 0
vnoded[1]: 22:22:56.961809 tlv_cmdreq_cmdarg[vnode_cmd.c:71]: VNODE_TLV_CMDARG: 'ip'
vnoded[1]: 22:22:56.961824 tlv_cmdreq_cmdarg[vnode_cmd.c:71]: VNODE_TLV_CMDARG: 'link'
vnoded[1]: 22:22:56.961837 tlv_cmdreq_cmdarg[vnode_cmd.c:71]: VNODE_TLV_CMDARG: 'set'
vnoded[1]: 22:22:56.961849 tlv_cmdreq_cmdarg[vnode_cmd.c:71]: VNODE_TLV_CMDARG: 'eth0'
vnoded[1]: 22:22:56.961861 tlv_cmdreq_cmdarg[vnode_cmd.c:71]: VNODE_TLV_CMDARG: 'up'
vnoded[1]: 22:22:56.961873 forkexec[vnode_cmd.c:358]: spawning 'ip'
vnoded[1]: 22:22:56.962088 vnode_process_cmdreq[vnode_cmd.c:459]: cmd: 'ip'; pid: 16; cmdid: 0; infd: 7; outfd: 8; errfd: 9
vnoded[1]: 22:22:56.965505 vnode_child_cb[vnode_server.c:149]: cmd completed normally: pid: 16; cmdid: 0; status 0
vnoded[1]: 22:22:56.965756 client_ioerror[vnode_server.c:43]: i/o error for client fd 6; deleting client
vnoded[1]: 22:23:02.692274 tlv_cmdreq_cmdid[vnode_cmd.c:42]: VNODE_TLV_CMDID: 0
vnoded[1]: 22:23:02.692343 tlv_cmdreq_cmdarg[vnode_cmd.c:71]: VNODE_TLV_CMDARG: 'bash'
vnoded[1]: 22:23:02.692359 tlv_cmdreq_cmdarg[vnode_cmd.c:71]: VNODE_TLV_CMDARG: 'ipforward.sh'
vnoded[1]: 22:23:02.692372 forkexec[vnode_cmd.c:358]: spawning 'bash'
vnoded[1]: 22:23:02.692603 vnode_process_cmdreq[vnode_cmd.c:459]: cmd: 'bash'; pid: 17; cmdid: 0; infd: 7; outfd: 8; errfd: 9
vnoded[1]: 22:23:02.699178 tlv_cmdreq_cmdid[vnode_cmd.c:42]: VNODE_TLV_CMDID: 0
vnoded[1]: 22:23:02.699248 tlv_cmdreq_cmdarg[vnode_cmd.c:71]: VNODE_TLV_CMDARG: 'mkdir'
vnoded[1]: 22:23:02.699271 tlv_cmdreq_cmdarg[vnode_cmd.c:71]: VNODE_TLV_CMDARG: '-p'
vnoded[1]: 22:23:02.699292 tlv_cmdreq_cmdarg[vnode_cmd.c:71]: VNODE_TLV_CMDARG: '/usr/local/etc/quagga'
vnoded[1]: 22:23:02.699313 forkexec[vnode_cmd.c:358]: spawning 'mkdir'
vnoded[1]: 22:23:02.699608 vnode_process_cmdreq[vnode_cmd.c:459]: cmd: 'mkdir'; pid: 20; cmdid: 0; infd: 8; outfd: 9; errfd: 10
vnoded[1]: 22:23:02.702430 vnode_child_cb[vnode_server.c:149]: cmd completed normally: pid: 20; cmdid: 0; status 0
vnoded[1]: 22:23:02.702564 client_ioerror[vnode_server.c:43]: i/o error for client fd 7; deleting client
vnoded[1]: 22:23:02.721103 vnode_child_cb[vnode_server.c:149]: cmd completed normally: pid: 17; cmdid: 0; status 0
vnoded[1]: 22:23:02.721328 client_ioerror[vnode_server.c:43]: i/o error for client fd 6; deleting client
vnoded[1]: 22:23:02.798392 tlv_cmdreq_cmdid[vnode_cmd.c:42]: VNODE_TLV_CMDID: 0
vnoded[1]: 22:23:02.798455 tlv_cmdreq_cmdarg[vnode_cmd.c:71]: VNODE_TLV_CMDARG: 'mount'
vnoded[1]: 22:23:02.798470 tlv_cmdreq_cmdarg[vnode_cmd.c:71]: VNODE_TLV_CMDARG: '-n'
vnoded[1]: 22:23:02.798484 tlv_cmdreq_cmdarg[vnode_cmd.c:71]: VNODE_TLV_CMDARG: '--bind'
vnoded[1]: 22:23:02.798496 tlv_cmdreq_cmdarg[vnode_cmd.c:71]: VNODE_TLV_CMDARG: '/tmp/pycore.43559/n8.conf/usr.local.etc.quagga'
vnoded[1]: 22:23:02.798508 tlv_cmdreq_cmdarg[vnode_cmd.c:71]: VNODE_TLV_CMDARG: '/usr/local/etc/quagga'
vnoded[1]: 22:23:02.798521 forkexec[vnode_cmd.c:358]: spawning 'mount'
vnoded[1]: 22:23:02.798769 vnode_process_cmdreq[vnode_cmd.c:459]: cmd: 'mount'; pid: 30; cmdid: 0; infd: 7; outfd: 8; errfd: 9
vnoded[1]: 22:23:02.802084 vnode_child_cb[vnode_server.c:149]: cmd completed normally: pid: 30; cmdid: 0; status 0
vnoded[1]: 22:23:02.802288 client_ioerror[vnode_server.c:43]: i/o error for client fd 6; deleting client
vnoded[1]: 22:23:02.957916 tlv_cmdreq_cmdid[vnode_cmd.c:42]: VNODE_TLV_CMDID: 0
vnoded[1]: 22:23:02.957979 tlv_cmdreq_cmdarg[vnode_cmd.c:71]: VNODE_TLV_CMDARG: 'mkdir'
vnoded[1]: 22:23:02.957994 tlv_cmdreq_cmdarg[vnode_cmd.c:71]: VNODE_TLV_CMDARG: '-p'
vnoded[1]: 22:23:02.958008 tlv_cmdreq_cmdarg[vnode_cmd.c:71]: VNODE_TLV_CMDARG: '/var/run/quagga'
vnoded[1]: 22:23:02.958020 forkexec[vnode_cmd.c:358]: spawning 'mkdir'
vnoded[1]: 22:23:02.958267 vnode_process_cmdreq[vnode_cmd.c:459]: cmd: 'mkdir'; pid: 31; cmdid: 0; infd: 7; outfd: 8; errfd: 9
vnoded[1]: 22:23:02.961164 vnode_child_cb[vnode_server.c:149]: cmd completed normally: pid: 31; cmdid: 0; status 0
vnoded[1]: 22:23:02.961379 client_ioerror[vnode_server.c:43]: i/o error for client fd 6; deleting client
vnoded[1]: 22:23:03.017236 tlv_cmdreq_cmdid[vnode_cmd.c:42]: VNODE_TLV_CMDID: 0
vnoded[1]: 22:23:03.017312 tlv_cmdreq_cmdarg[vnode_cmd.c:71]: VNODE_TLV_CMDARG: 'mount'
vnoded[1]: 22:23:03.017338 tlv_cmdreq_cmdarg[vnode_cmd.c:71]: VNODE_TLV_CMDARG: '-n'
vnoded[1]: 22:23:03.017352 tlv_cmdreq_cmdarg[vnode_cmd.c:71]: VNODE_TLV_CMDARG: '--bind'
vnoded[1]: 22:23:03.017364 tlv_cmdreq_cmdarg[vnode_cmd.c:71]: VNODE_TLV_CMDARG: '/tmp/pycore.43559/n8.conf/var.run.quagga'
vnoded[1]: 22:23:03.017376 tlv_cmdreq_cmdarg[vnode_cmd.c:71]: VNODE_TLV_CMDARG: '/var/run/quagga'
vnoded[1]: 22:23:03.017389 forkexec[vnode_cmd.c:358]: spawning 'mount'
vnoded[1]: 22:23:03.017630 vnode_process_cmdreq[vnode_cmd.c:459]: cmd: 'mount'; pid: 32; cmdid: 0; infd: 7; outfd: 8; errfd: 9
vnoded[1]: 22:23:03.021051 vnode_child_cb[vnode_server.c:149]: cmd completed normally: pid: 32; cmdid: 0; status 0
vnoded[1]: 22:23:03.021261 client_ioerror[vnode_server.c:43]: i/o error for client fd 6; deleting client
vnoded[1]: 22:23:03.134717 tlv_cmdreq_cmdid[vnode_cmd.c:42]: VNODE_TLV_CMDID: 0
vnoded[1]: 22:23:03.134799 tlv_cmdreq_cmdarg[vnode_cmd.c:71]: VNODE_TLV_CMDARG: 'bash'
vnoded[1]: 22:23:03.134823 tlv_cmdreq_cmdarg[vnode_cmd.c:71]: VNODE_TLV_CMDARG: 'quaggaboot.sh'
vnoded[1]: 22:23:03.134843 tlv_cmdreq_cmdarg[vnode_cmd.c:71]: VNODE_TLV_CMDARG: 'zebra'
vnoded[1]: 22:23:03.134862 forkexec[vnode_cmd.c:358]: spawning 'bash'
vnoded[1]: 22:23:03.135154 vnode_process_cmdreq[vnode_cmd.c:459]: cmd: 'bash'; pid: 33; cmdid: 0; infd: 7; outfd: 8; errfd: 9
vnoded[1]: 22:23:03.197961 tlv_cmdreq_cmdid[vnode_cmd.c:42]: VNODE_TLV_CMDID: 0
vnoded[1]: 22:23:03.198011 tlv_cmdreq_cmdarg[vnode_cmd.c:71]: VNODE_TLV_CMDARG: 'pidof'
vnoded[1]: 22:23:03.198023 tlv_cmdreq_cmdarg[vnode_cmd.c:71]: VNODE_TLV_CMDARG: 'zebra'
vnoded[1]: 22:23:03.198033 forkexec[vnode_cmd.c:358]: spawning 'pidof'
vnoded[1]: 22:23:03.198211 vnode_process_cmdreq[vnode_cmd.c:459]: cmd: 'pidof'; pid: 51; cmdid: 0; infd: 8; outfd: 9; errfd: 10
vnoded[1]: 22:23:03.200774 vnode_child_cb[vnode_server.c:149]: cmd completed normally: pid: 51; cmdid: 0; status 0
vnoded[1]: 22:23:03.200990 client_ioerror[vnode_server.c:43]: i/o error for client fd 7; deleting client
vnoded[1]: 22:23:03.206105 vnode_child_cb[vnode_server.c:149]: cmd completed normally: pid: 33; cmdid: 0; status 0
vnoded[1]: 22:23:03.206247 client_ioerror[vnode_server.c:43]: i/o error for client fd 6; deleting client
vnoded[1]: 22:23:03.270949 tlv_cmdreq_cmdid[vnode_cmd.c:42]: VNODE_TLV_CMDID: 0
vnoded[1]: 22:23:03.271008 tlv_cmdreq_cmdarg[vnode_cmd.c:71]: VNODE_TLV_CMDARG: 'pidof'
vnoded[1]: 22:23:03.271024 tlv_cmdreq_cmdarg[vnode_cmd.c:71]: VNODE_TLV_CMDARG: 'bgpd'
vnoded[1]: 22:23:03.271037 forkexec[vnode_cmd.c:358]: spawning 'pidof'
vnoded[1]: 22:23:03.271256 vnode_process_cmdreq[vnode_cmd.c:459]: cmd: 'pidof'; pid: 52; cmdid: 0; infd: 7; outfd: 8; errfd: 9
vnoded[1]: 22:23:03.273499 vnode_child_cb[vnode_server.c:149]: cmd completed normally: pid: 52; cmdid: 0; status 0
vnoded[1]: 22:23:03.273688 client_ioerror[vnode_server.c:43]: i/o error for client fd 6; deleting client
vnoded[1]: 22:26:56.993654 tlv_cmdreq_cmdid[vnode_cmd.c:42]: VNODE_TLV_CMDID: 0
vnoded[1]: 22:26:56.993729 tlv_cmdreq_cmdarg[vnode_cmd.c:71]: VNODE_TLV_CMDARG: '/bin/bash'
vnoded[1]: 22:26:56.993746 forkexec[vnode_cmd.c:358]: spawning '/bin/bash'
vnoded[1]: 22:26:56.993974 vnode_process_cmdreq[vnode_cmd.c:459]: cmd: '/bin/bash'; pid: 53; cmdid: 0; infd: 7; outfd: 8; errfd: 9
vnoded[1]: 22:27:41.598738 vnode_child_cb[vnode_server.c:161]: pid 47 not found in client command list: completed normally with status 0
vnoded[1]: 22:27:47.146224 vnode_child_cb[vnode_server.c:161]: pid 39 not found in client command list: completed normally with status 0
vnoded[1]: 22:28:11.772660 tlv_cmdsignal_cmdid[vnode_cmd.c:293]: VNODE_TLV_CMDID: 0
vnoded[1]: 22:28:11.772769 tlv_cmdsignal_signum[vnode_cmd.c:308]: VNODE_TLV_SIGNUM: 1
vnoded[1]: 22:28:11.772813 vnode_recv_cmdsignal[vnode_cmd.c:338]: sending pid 53 signal 1
vnoded[1]: 22:28:11.773791 tlv_cmdsignal_cmdid[vnode_cmd.c:293]: VNODE_TLV_CMDID: 0
vnoded[1]: 22:28:11.773827 tlv_cmdsignal_signum[vnode_cmd.c:308]: VNODE_TLV_SIGNUM: 18
vnoded[1]: 22:28:11.773840 vnode_recv_cmdsignal[vnode_cmd.c:338]: sending pid 53 signal 18
vnoded[1]: 22:28:11.773864 tlv_cmdsignal_cmdid[vnode_cmd.c:293]: VNODE_TLV_CMDID: 0
vnoded[1]: 22:28:11.773877 tlv_cmdsignal_signum[vnode_cmd.c:308]: VNODE_TLV_SIGNUM: 1
vnoded[1]: 22:28:11.773889 vnode_recv_cmdsignal[vnode_cmd.c:338]: sending pid 53 signal 1
vnoded[1]: 22:28:11.774442 vnode_child_cb[vnode_server.c:149]: cmd completed due to signal: pid: 53; cmdid: 0; status 1
vnoded[1]: 22:28:11.774621 client_ioerror[vnode_server.c:43]: i/o error for client fd 6; deleting client
vnoded[1]: 23:04:29.902824 tlv_cmdreq_cmdid[vnode_cmd.c:42]: VNODE_TLV_CMDID: 0
vnoded[1]: 23:04:29.902907 tlv_cmdreq_cmdarg[vnode_cmd.c:71]: VNODE_TLV_CMDARG: '/bin/bash'
vnoded[1]: 23:04:29.902924 forkexec[vnode_cmd.c:358]: spawning '/bin/bash'
vnoded[1]: 23:04:29.903167 vnode_process_cmdreq[vnode_cmd.c:459]: cmd: '/bin/bash'; pid: 95; cmdid: 0; infd: 7; outfd: 8; errfd: 9
vnoded[1]: 23:05:38.837133 tlv_cmdsignal_cmdid[vnode_cmd.c:293]: VNODE_TLV_CMDID: 0
vnoded[1]: 23:05:38.837234 tlv_cmdsignal_signum[vnode_cmd.c:308]: VNODE_TLV_SIGNUM: 1
vnoded[1]: 23:05:38.837254 vnode_recv_cmdsignal[vnode_cmd.c:338]: sending pid 95 signal 1
vnoded[1]: 23:05:38.837977 tlv_cmdsignal_cmdid[vnode_cmd.c:293]: VNODE_TLV_CMDID: 0
vnoded[1]: 23:05:38.838047 tlv_cmdsignal_signum[vnode_cmd.c:308]: VNODE_TLV_SIGNUM: 18
vnoded[1]: 23:05:38.838066 vnode_recv_cmdsignal[vnode_cmd.c:338]: sending pid 95 signal 18
vnoded[1]: 23:05:38.838129 vnode_child_cb[vnode_server.c:149]: cmd completed due to signal: pid: 95; cmdid: 0; status 1
vnoded[1]: 23:05:38.838180 tlv_cmdsignal_cmdid[vnode_cmd.c:293]: VNODE_TLV_CMDID: 0
vnoded[1]: 23:05:38.838195 tlv_cmdsignal_signum[vnode_cmd.c:308]: VNODE_TLV_SIGNUM: 1
vnoded[1]: 23:05:38.838208 vnode_recv_cmdsignal[vnode_cmd.c:348]: cmdid 0 not found for client 0x560250ece730
vnoded[1]: 23:05:38.839277 vnode_child_cb[vnode_server.c:161]: pid 102 not found in client command list: completed due to signal with status 1
vnoded[1]: 23:05:38.839349 client_ioerror[vnode_server.c:43]: i/o error for client fd 6; deleting client
vnoded[1]: 23:41:22.644655 tlv_cmdreq_cmdid[vnode_cmd.c:42]: VNODE_TLV_CMDID: 0
vnoded[1]: 23:41:22.644731 tlv_cmdreq_cmdarg[vnode_cmd.c:71]: VNODE_TLV_CMDARG: '/bin/bash'
vnoded[1]: 23:41:22.644749 forkexec[vnode_cmd.c:358]: spawning '/bin/bash'
vnoded[1]: 23:41:22.644966 vnode_process_cmdreq[vnode_cmd.c:459]: cmd: '/bin/bash'; pid: 107; cmdid: 0; infd: 7; outfd: 8; errfd: 9
vnoded[1]: 23:44:36.468703 tlv_cmdsignal_cmdid[vnode_cmd.c:293]: VNODE_TLV_CMDID: 0
vnoded[1]: 23:44:36.468799 tlv_cmdsignal_signum[vnode_cmd.c:308]: VNODE_TLV_SIGNUM: 1
vnoded[1]: 23:44:36.468815 vnode_recv_cmdsignal[vnode_cmd.c:338]: sending pid 107 signal 1
vnoded[1]: 23:44:36.469686 vnode_child_cb[vnode_server.c:149]: cmd completed due to signal: pid: 107; cmdid: 0; status 1
vnoded[1]: 23:44:36.469789 tlv_cmdsignal_cmdid[vnode_cmd.c:293]: VNODE_TLV_CMDID: 0
vnoded[1]: 23:44:36.469811 tlv_cmdsignal_signum[vnode_cmd.c:308]: VNODE_TLV_SIGNUM: 18
vnoded[1]: 23:44:36.469825 vnode_recv_cmdsignal[vnode_cmd.c:348]: cmdid 0 not found for client 0x560250ece730
vnoded[1]: 23:44:36.469853 tlv_cmdsignal_cmdid[vnode_cmd.c:293]: VNODE_TLV_CMDID: 0
vnoded[1]: 23:44:36.469867 tlv_cmdsignal_signum[vnode_cmd.c:308]: VNODE_TLV_SIGNUM: 1
vnoded[1]: 23:44:36.469879 vnode_recv_cmdsignal[vnode_cmd.c:348]: cmdid 0 not found for client 0x560250ece730
vnoded[1]: 23:44:36.470709 vnode_child_cb[vnode_server.c:161]: pid 114 not found in client command list: completed due to signal with status 1
vnoded[1]: 23:44:36.470809 client_ioerror[vnode_server.c:43]: i/o error for client fd 6; deleting client
